Record for 46 updated 34.80 successfully
Record for 48 updated 33.52 successfully
Record for 49 updated 31.58 successfully
Record for 50 updated 30.94 successfully
Record for 51 updated 29.97 successfully
Record for 52 updated 28.68 successfully
Record for 53 updated 29.33 successfully
Record for 54 updated 28.68 successfully
Record for 55 updated 28.68 successfully
Record for 56 updated 28.36 successfully
Record for 57 updated 28.36 successfully
Record for 58 updated 28.04 successfully
Record for 59 updated 28.04 successfully
unrecognized token: ""1614437980"")"Record for 0 updated 28.04 successfully
Record for 1 updated 28.36 successfully
Record for 2 updated 28.68 successfully
Record for 3 updated 29.65 successfully
Record for 4 updated 29.97 successfully
Record for 5 updated 29.97 successfully
Record for 6 updated 30.29 successfully
Record for 7 updated 29.65 successfully
Record for 8 updated 29.00 successfully
Record for 9 updated 29.33 successfully
Record for 13 updated 30.29 successfully
Record for 14 updated 29.97 successfully
Record for 15 updated 29.97 successfully
Record for 16 updated 28.68 successfully
Record for 17 updated 28.68 successfully
Record for 51 updated 31.90 successfully
Record for 53 updated 31.90 successfully
Record for 54 updated 32.23 successfully
Record for 55 updated 32.23 successfully
Record for 57 updated 32.87 successfully
Record for 58 updated 32.87 successfully
Record for 59 updated 33.19 successfully
unrecognized token: ""1614441540"")"Record for 0 updated 33.19 successfully
UPDATE minutes2 set time_stamp="1614441785", temp="29.23" where minutes="3"
Record for 3 updated 29.23 successfully
UPDATE minutes2 set time_stamp="1614441845", temp="29.23" where minutes="4"
Record for 4 updated 29.23 successfully
UPDATE minutes2 set time_stamp="1614441949", temp="28.23" where minutes="5"
Record for 5 updated 28.23 successfully
UPDATE minutes2 set time_stamp="1614442009", temp="28.23" where minutes="6"
Record for 6 updated 28.23 successfully
UPDATE minutes2 set time_stamp="1614442069", temp="27.90" where minutes="7"
Record for 7 updated 27.90 successfully
UPDATE minutes2 set time_stamp="1614442191", temp="26.94" where minutes="9"
Record for 9 updated 26.94 successfully
UPDATE minutes2 set time_stamp="1614442254", temp="25.00" where minutes="10"
Record for 10 updated 25.00 successfully
UPDATE minutes2 set time_stamp="1614442315", temp="24.36" where minutes="11"
Record for 11 updated 24.36 successfully
UPDATE minutes2 set time_stamp="1614442375", temp="25.00" where minutes="12"
Record for 12 updated 25.00 successfully
UPDATE minutes2 set time_stamp="1614442435", temp="25.97" where minutes="13"
Record for 13 updated 25.97 successfully
UPDATE minutes2 set time_stamp="1614442496", temp="25.97" where minutes="14"
Record for 14 updated 25.97 successfully
UPDATE minutes2 set time_stamp="1614442556", temp="25.00" where minutes="15"
Record for 15 updated 25.00 successfully
UPDATE minutes2 set time_stamp="1614442616", temp="25.97" where minutes="16"
Record for 16 updated 25.97 successfully
UPDATE minutes2 set time_stamp="1614442677", temp="26.94" where minutes="17"
Record for 17 updated 26.94 successfully
UPDATE minutes2 set time_stamp="1614442737", temp="26.94" where minutes="18"
Record for 18 updated 26.94 successfully
UPDATE minutes2 set time_stamp="1614442797", temp="27.26" where minutes="19"
Record for 19 updated 27.26 successfully
UPDATE minutes2 set time_stamp="1614442858", temp="27.26" where minutes="20"
Record for 20 updated 27.26 successfully
UPDATE minutes2 set time_stamp="1614442918", temp="27.26" where minutes="21"
Record for 21 updated 27.26 successfully
UPDATE minutes2 set time_stamp="1614442979", temp="27.58" where minutes="22"
Record for 22 updated 27.58 successfully
UPDATE minutes2 set time_stamp="1614443039", temp="27.58" where minutes="23"
Record for 23 updated 27.58 successfully
UPDATE minutes2 set time_stamp="1614443099", temp="27.90" where minutes="24"
Record for 24 updated 27.90 successfully
UPDATE minutes2 set time_stamp="1614443160", temp="27.90" where minutes="26"
Record for 26 updated 27.90 successfully
UPDATE minutes2 set time_stamp="1614443220", temp="28.55" where minutes="27"
Record for 27 updated 28.55 successfully
UPDATE minutes2 set time_stamp="1614443280", temp="28.87" where minutes="28"
Record for 28 updated 28.87 successfully
UPDATE minutes2 set time_stamp="1614443341", temp="29.19" where minutes="29"
Record for 29 updated 29.19 successfully
UPDATE minutes2 set time_stamp="1614443401", temp="29.52" where minutes="30"
Record for 30 updated 29.52 successfully
UPDATE minutes2 set time_stamp="1614443462", temp="29.84" where minutes="31"
Record for 31 updated 29.84 successfully
UPDATE minutes2 set time_stamp="1614443523", temp="30.16" where minutes="32"
Record for 32 updated 30.16 successfully
UPDATE minutes2 set time_stamp="1614443583", temp="30.80" where minutes="33"
Record for 33 updated 30.80 successfully
UPDATE minutes2 set time_stamp="1614443643", temp="30.80" where minutes="34"
Record for 34 updated 30.80 successfully
UPDATE minutes2 set time_stamp="1614443704", temp="30.80" where minutes="35"
Record for 35 updated 30.80 successfully
UPDATE minutes2 set time_stamp="1614443764", temp="31.13" where minutes="36"
Record for 36 updated 31.13 successfully
UPDATE minutes2 set time_stamp="1614443824", temp="31.13" where minutes="37"
Record for 37 updated 31.13 successfully
UPDATE minutes2 set time_stamp="1614443885", temp="31.45" where minutes="38"
Record for 38 updated 31.45 successfully
UPDATE minutes2 set time_stamp="1614443945", temp="31.13" where minutes="39"
Record for 39 updated 31.13 successfully
UPDATE minutes2 set time_stamp="1614444005", temp="31.45" where minutes="40"
Record for 40 updated 31.45 successfully
UPDATE minutes2 set time_stamp="1614444066", temp="31.77" where minutes="41"
Record for 41 updated 31.77 successfully
UPDATE minutes2 set time_stamp="1614444126", temp="32.09" where minutes="42"
Record for 42 updated 32.09 successfully
UPDATE minutes2 set time_stamp="1614444186", temp="31.77" where minutes="43"
Record for 43 updated 31.77 successfully
UPDATE minutes2 set time_stamp="1614444247", temp="32.09" where minutes="44"
Record for 44 updated 32.09 successfully
UPDATE minutes2 set time_stamp="1614444307", temp="32.42" where minutes="45"
Record for 45 updated 32.42 successfully
UPDATE minutes2 set time_stamp="1614444367", temp="32.42" where minutes="46"
Record for 46 updated 32.42 successfully
UPDATE minutes2 set time_stamp="1614444428", temp="32.42" where minutes="47"
Record for 47 updated 32.42 successfully
UPDATE minutes2 set time_stamp="1614444811", temp="29.18" where minutes="53"
Record for 53 updated 29.18 successfully
UPDATE minutes2 set time_stamp="1614444871", temp="29.18" where minutes="54"
Record for 54 updated 29.18 successfully
UPDATE minutes2 set time_stamp="1614444931", temp="28.86" where minutes="55"
Record for 55 updated 28.86 successfully
UPDATE minutes2 set time_stamp="1614445028", temp="28.86" where minutes="57"
Record for 57 updated 28.86 successfully
UPDATE minutes2 set time_stamp="1614445089", temp="28.54" where minutes="58"
Record for 58 updated 28.54 successfully
UPDATE minutes2 set time_stamp="1614445149", temp="28.86" where minutes="59"
Record for 59 updated 28.86 successfully
unrecognized token: ""1614445149"")"UPDATE minutes2 set time_stamp="1614445210", temp="29.18" where minutes="0"
Record for 0 updated 29.18 successfully
UPDATE minutes2 set time_stamp="1614445270", temp="29.18" where minutes="1"
Record for 1 updated 29.18 successfully
UPDATE minutes2 set time_stamp="1614445330", temp="28.86" where minutes="2"
Record for 2 updated 28.86 successfully
UPDATE minutes2 set time_stamp="1614445391", temp="28.86" where minutes="3"
Record for 3 updated 28.86 successfully
UPDATE minutes2 set time_stamp="1614445451", temp="28.54" where minutes="4"
Record for 4 updated 28.54 successfully
UPDATE minutes2 set time_stamp="1614445511", temp="28.54" where minutes="5"
Record for 5 updated 28.54 successfully
UPDATE minutes2 set time_stamp="1614445571", temp="28.54" where minutes="6"
Record for 6 updated 28.54 successfully
UPDATE minutes2 set time_stamp="1614445632", temp="28.54" where minutes="7"
Record for 7 updated 28.54 successfully
UPDATE minutes2 set time_stamp="1614445692", temp="28.54" where minutes="8"
Record for 8 updated 28.54 successfully
UPDATE minutes2 set time_stamp="1614445752", temp="28.54" where minutes="9"
Record for 9 updated 28.54 successfully
UPDATE minutes2 set time_stamp="1614445813", temp="28.22" where minutes="10"
Record for 10 updated 28.22 successfully
UPDATE minutes2 set time_stamp="1614445873", temp="28.22" where minutes="11"
Record for 11 updated 28.22 successfully
UPDATE minutes2 set time_stamp="1614445933", temp="28.54" where minutes="12"
Record for 12 updated 28.54 successfully
UPDATE minutes2 set time_stamp="1614445994", temp="28.54" where minutes="13"
Record for 13 updated 28.54 successfully
UPDATE minutes2 set time_stamp="1614446054", temp="28.22" where minutes="14"
Record for 14 updated 28.22 successfully
UPDATE minutes2 set time_stamp="1614446115", temp="28.22" where minutes="15"
Record for 15 updated 28.22 successfully
UPDATE minutes2 set time_stamp="1614446176", temp="28.54" where minutes="16"
Record for 16 updated 28.54 successfully
UPDATE minutes2 set time_stamp="1614446236", temp="28.54" where minutes="17"
Record for 17 updated 28.54 successfully
UPDATE minutes2 set time_stamp="1614446296", temp="28.54" where minutes="18"
Record for 18 updated 28.54 successfully
UPDATE minutes2 set time_stamp="1614446357", temp="28.54" where minutes="19"
Record for 19 updated 28.54 successfully
UPDATE minutes2 set time_stamp="1614446417", temp="28.86" where minutes="20"
Record for 20 updated 28.86 successfully
UPDATE minutes2 set time_stamp="1614446478", temp="28.86" where minutes="21"
Record for 21 updated 28.86 successfully
UPDATE minutes2 set time_stamp="1614446538", temp="28.86" where minutes="22"
Record for 22 updated 28.86 successfully
UPDATE minutes2 set time_stamp="1614446599", temp="28.86" where minutes="23"
Record for 23 updated 28.86 successfully
UPDATE minutes2 set time_stamp="1614446659", temp="29.18" where minutes="24"
Record for 24 updated 29.18 successfully
UPDATE minutes2 set time_stamp="1614446720", temp="28.54" where minutes="25"
Record for 25 updated 28.54 successfully
UPDATE minutes2 set time_stamp="1614446780", temp="25.32" where minutes="26"
Record for 26 updated 25.32 successfully
UPDATE minutes2 set time_stamp="1614446840", temp="23.38" where minutes="27"
Record for 27 updated 23.38 successfully
UPDATE minutes2 set time_stamp="1614446900", temp="21.13" where minutes="28"
Record for 28 updated 21.13 successfully
UPDATE minutes2 set time_stamp="1614446961", temp="19.84" where minutes="29"
Record for 29 updated 19.84 successfully
UPDATE minutes2 set time_stamp="1614447021", temp="19.51" where minutes="30"
Record for 30 updated 19.51 successfully
UPDATE minutes2 set time_stamp="1614447081", temp="19.51" where minutes="31"
Record for 31 updated 19.51 successfully
UPDATE minutes2 set time_stamp="1614447142", temp="20.16" where minutes="32"
Record for 32 updated 20.16 successfully
UPDATE minutes2 set time_stamp="1614447202", temp="20.48" where minutes="33"
Record for 33 updated 20.48 successfully
UPDATE minutes2 set time_stamp="1614447262", temp="21.13" where minutes="34"
Record for 34 updated 21.13 successfully
UPDATE minutes2 set time_stamp="1614447323", temp="22.09" where minutes="35"
Record for 35 updated 22.09 successfully
UPDATE minutes2 set time_stamp="1614447383", temp="22.09" where minutes="36"
Record for 36 updated 22.09 successfully
UPDATE minutes2 set time_stamp="1614447443", temp="21.77" where minutes="37"
Record for 37 updated 21.77 successfully
UPDATE minutes2 set time_stamp="1614447504", temp="20.16" where minutes="38"
Record for 38 updated 20.16 successfully
UPDATE minutes2 set time_stamp="1614447564", temp="19.51" where minutes="39"
Record for 39 updated 19.51 successfully
UPDATE minutes2 set time_stamp="1614447625", temp="19.19" where minutes="40"
Record for 40 updated 19.19 successfully
UPDATE minutes2 set time_stamp="1614447685", temp="19.84" where minutes="41"
Record for 41 updated 19.84 successfully
UPDATE minutes2 set time_stamp="1614447745", temp="20.48" where minutes="42"
Record for 42 updated 20.48 successfully
UPDATE minutes2 set time_stamp="1614447806", temp="20.80" where minutes="43"
Record for 43 updated 20.80 successfully
UPDATE minutes2 set time_stamp="1614447866", temp="21.45" where minutes="44"
Record for 44 updated 21.45 successfully
UPDATE minutes2 set time_stamp="1614447926", temp="21.13" where minutes="45"
Record for 45 updated 21.13 successfully
UPDATE minutes2 set time_stamp="1614447987", temp="20.16" where minutes="46"
Record for 46 updated 20.16 successfully
UPDATE minutes2 set time_stamp="1614448047", temp="19.19" where minutes="47"
Record for 47 updated 19.19 successfully
UPDATE minutes2 set time_stamp="1614448107", temp="17.90" where minutes="48"
Record for 48 updated 17.90 successfully
UPDATE minutes2 set time_stamp="1614448168", temp="18.87" where minutes="49"
Record for 49 updated 18.87 successfully
UPDATE minutes2 set time_stamp="1614448228", temp="19.84" where minutes="50"
Record for 50 updated 19.84 successfully
UPDATE minutes2 set time_stamp="1614448288", temp="20.48" where minutes="51"
Record for 51 updated 20.48 successfully
UPDATE minutes2 set time_stamp="1614448349", temp="21.77" where minutes="52"
Record for 52 updated 21.77 successfully
UPDATE minutes2 set time_stamp="1614448409", temp="22.09" where minutes="53"
Record for 53 updated 22.09 successfully
UPDATE minutes2 set time_stamp="1614448469", temp="23.38" where minutes="54"
Record for 54 updated 23.38 successfully
UPDATE minutes2 set time_stamp="1614448529", temp="24.03" where minutes="55"
Record for 55 updated 24.03 successfully
UPDATE minutes2 set time_stamp="1614448590", temp="24.67" where minutes="56"
Record for 56 updated 24.67 successfully
UPDATE minutes2 set time_stamp="1614448650", temp="22.09" where minutes="57"
Record for 57 updated 22.09 successfully
UPDATE minutes2 set time_stamp="1614448710", temp="20.16" where minutes="58"
Record for 58 updated 20.16 successfully
UPDATE minutes2 set time_stamp="1614448771", temp="18.87" where minutes="59"
Record for 59 updated 18.87 successfully
unrecognized token: ""1614448771"")"UPDATE minutes2 set time_stamp="1614448831", temp="17.26" where minutes="0"
Record for 0 updated 17.26 successfully
UPDATE minutes2 set time_stamp="1614448891", temp="16.61" where minutes="1"
Record for 1 updated 16.61 successfully
UPDATE minutes2 set time_stamp="1614448952", temp="16.29" where minutes="2"
Record for 2 updated 16.29 successfully
UPDATE minutes2 set time_stamp="1614449012", temp="15.97" where minutes="3"
Record for 3 updated 15.97 successfully
Record for 2021-02-28/00 inserted successfully
UPDATE minutes2 set time_stamp="1614449072", temp="15.00" where minutes="4"
Record for 4 updated 15.00 successfully
UPDATE minutes2 set time_stamp="1614449133", temp="15.00" where minutes="5"
Record for 5 updated 15.00 successfully
UPDATE minutes2 set time_stamp="1614449193", temp="14.36" where minutes="6"
Record for 6 updated 14.36 successfully
UPDATE minutes2 set time_stamp="1614449253", temp="15.33" where minutes="7"
Record for 7 updated 15.33 successfully
UPDATE minutes2 set time_stamp="1614449317", temp="16.61" where minutes="8"
Record for 8 updated 16.61 successfully
UPDATE minutes2 set time_stamp="1614449377", temp="17.58" where minutes="9"
Record for 9 updated 17.58 successfully
UPDATE minutes2 set time_stamp="1614449437", temp="18.23" where minutes="10"
Record for 10 updated 18.23 successfully
UPDATE minutes2 set time_stamp="1614449498", temp="19.51" where minutes="11"
Record for 11 updated 19.51 successfully
UPDATE minutes2 set time_stamp="1614449558", temp="19.84" where minutes="12"
Record for 12 updated 19.84 successfully
UPDATE minutes2 set time_stamp="1614449618", temp="20.16" where minutes="13"
Record for 13 updated 20.16 successfully
UPDATE minutes2 set time_stamp="1614449679", temp="20.80" where minutes="14"
Record for 14 updated 20.80 successfully
UPDATE minutes2 set time_stamp="1614449739", temp="20.80" where minutes="15"
Record for 15 updated 20.80 successfully
UPDATE minutes2 set time_stamp="1614449802", temp="21.45" where minutes="16"
Record for 16 updated 21.45 successfully
Record for 2021-02-28/00 inserted successfully
UPDATE minutes2 set time_stamp="1614449862", temp="21.77" where minutes="17"
Record for 17 updated 21.77 successfully
UPDATE minutes2 set time_stamp="1614449923", temp="21.77" where minutes="18"
Record for 18 updated 21.77 successfully
UPDATE minutes2 set time_stamp="1614449983", temp="21.77" where minutes="19"
Record for 19 updated 21.77 successfully
UPDATE minutes2 set time_stamp="1614450043", temp="22.09" where minutes="20"
Record for 20 updated 22.09 successfully
Record for 51 updated 5.32 successfully
Record for 52 updated 5.64 successfully
Record for 53 updated 5.64 successfully
Record for 54 updated 5.64 successfully
Record for 55 updated 5.32 successfully
Record for 56 updated 5.32 successfully
Record for 57 updated 5.32 successfully
Record for 43 updated 2.26 successfully
Record for 44 updated 1.61 successfully
Record for 46 updated 1.29 successfully
Record for 49 updated 1.29 successfully
Record for 57 updated 0.97 successfully
Record for 58 updated 1.29 successfully
Record for 59 updated 1.29 successfully
Record for 0 updated 1.29 successfully
Record for 1 updated 1.61 successfully
Record for 2 updated 0.97 successfully
Record for 3 updated 0.97 successfully
Record for 4 updated 1.29 successfully
Record for 5 updated 1.29 successfully
Record for 6 updated 1.61 successfully
Record for 7 updated 0.97 successfully
Record for 8 updated 1.29 successfully
Record for 9 updated 1.29 successfully
Record for 10 updated 1.29 successfully
Record for 11 updated 1.29 successfully
Record for 12 updated 1.29 successfully
Record for 13 updated 1.29 successfully
Record for 14 updated 0.97 successfully
Record for 15 updated 0.97 successfully
Record for 16 updated 1.61 successfully
Record for 17 updated 0.97 successfully
Record for 18 updated 0.64 successfully
Record for 19 updated 1.29 successfully
Record for 37 updated 1.29 successfully
Record for 46 updated 1.61 successfully
Record for 47 updated 1.29 successfully
Record for 14 updated 30.10 successfully
Record for 15 updated 29.80 successfully
Record for 15 updated 29.80 successfully
Record for 15 updated 29.80 successfully
Record for 15 updated 29.90 successfully
Record for 16 updated 30.00 successfully
Record for 16 updated 30.00 successfully
Record for 16 updated 30.00 successfully
Record for 16 updated 29.90 successfully
Record for 16 updated 29.90 successfully
Record for 16 updated 30.00 successfully
Record for 17 updated 30.10 successfully
Record for 17 updated 30.10 successfully
Record for 17 updated 30.00 successfully
Record for 17 updated 30.00 successfully
Record for 17 updated 30.00 successfully
Record for 17 updated 30.10 successfully
Record for 18 updated 30.20 successfully
Record for 18 updated 30.20 successfully
Record for 18 updated 30.20 successfully
Record for 24 updated 30.10 successfully
Record for 24 updated 29.80 successfully
Record for 24 updated 29.70 successfully
Record for 24 updated 29.70 successfully
Record for 24 updated 29.60 successfully
Record for 25 updated 29.60 successfully
Record for 25 updated 29.60 successfully
Record for 25 updated 29.60 successfully
Record for 25 updated 29.80 successfully
Record for 25 updated 29.80 successfully
Record for 26 updated 29.70 successfully
Record for 26 updated 29.80 successfully
Record for 26 updated 29.70 successfully
Record for 26 updated 29.60 successfully
Record for 26 updated 29.60 successfully
Record for 27 updated 29.60 successfully
Record for 27 updated 29.60 successfully
Record for 27 updated 29.60 successfully
Record for 27 updated 29.60 successfully
Record for 27 updated 29.60 successfully
Record for 27 updated 29.60 successfully
Record for 28 updated 29.60 successfully
Record for 28 updated 29.60 successfully
Record for 28 updated 29.60 successfully
Record for 28 updated 29.60 successfully
Record for 28 updated 29.60 successfully
Record for 28 updated 29.60 successfully
Record for 29 updated 29.60 successfully
Record for 29 updated 29.60 successfully
Record for 29 updated 29.60 successfully
Record for 29 updated 29.60 successfully
Record for 29 updated 29.60 successfully
Record for 29 updated 29.60 successfully
Record for 30 updated 29.60 successfully
Record for 30 updated 29.60 successfully
Record for 30 updated 29.60 successfully
Record for 30 updated 29.50 successfully
Record for 30 updated 29.60 successfully
Record for 30 updated 29.60 successfully
Record for 43 updated 29.90 successfully
Record for 43 updated 29.90 successfully
Record for 44 updated 30.00 successfully
Record for 44 updated 30.00 successfully
Record for 44 updated 30.00 successfully
Record for 44 updated 30.00 successfully
Record for 44 updated 29.90 successfully
Record for 45 updated 29.90 successfully
Record for 45 updated 29.90 successfully
Record for 45 updated 29.80 successfully
Record for 46 updated 29.80 successfully
Record for 48 updated 29.70 successfully
Record for 51 updated 29.60 successfully
Record for 52 updated 29.60 successfully
Record for 53 updated 29.60 successfully
Record for 54 updated 29.60 successfully
Record for 55 updated 29.60 successfully
Record for 56 updated 29.30 successfully
Record for 57 updated 28.70 successfully
Record for 58 updated 28.40 successfully
Record for 59 updated 27.70 successfully
Record for 0 updated 27.20 successfully
Record for 1 updated 26.80 successfully
Record for 2 updated 26.40 successfully
Record for 3 updated 26.10 successfully
Record for 4 updated 25.90 successfully
Record for 5 updated 25.60 successfully
Record for 6 updated 25.50 successfully
Record for 7 updated 25.20 successfully
Record for 8 updated 25.10 successfully
Record for 9 updated 25.10 successfully
Record for 10 updated 24.90 successfully
Record for 11 updated 24.80 successfully
Record for 12 updated 24.70 successfully
Record for 13 updated 24.60 successfully
Record for 17 updated 24.40 successfully
Record for 18 updated 24.60 successfully
Record for 19 updated 25.50 successfully
Record for 20 updated 26.10 successfully
Record for 21 updated 26.30 successfully
Record for 22 updated 26.40 successfully
Record for 23 updated 26.40 successfully
Record for 24 updated 26.40 successfully
Record for 25 updated 26.30 successfully
Record for 26 updated 26.20 successfully
Record for 27 updated 26.20 successfully
Record for 28 updated 26.10 successfully
Record for 29 updated 26.10 successfully
Record for 30 updated 26.10 successfully
Record for 31 updated 26.00 successfully
Record for 32 updated 25.80 successfully
Record for 33 updated 25.70 successfully
Record for 34 updated 25.70 successfully
Record for 35 updated 25.90 successfully
Record for 36 updated 25.70 successfully
Record for 37 updated 25.60 successfully
Record for 38 updated 25.70 successfully
Record for 39 updated 25.60 successfully
Record for 40 updated 25.50 successfully
Record for 15 updated 29.10 successfully
